

============================== 2023-04-19 10:58:00.081335 | cdbd452f-ef8e-4461-b8ec-83ccbbb51f6a ==============================
[0m10:58:00.081335 [info ] [MainThread]: Running with dbt=1.4.5
[0m10:58:00.082337 [debug] [MainThread]: running dbt with arguments {'write_json': True, 'use_colors': True, 'printer_width': 80, 'version_check': True, 'partial_parse': True, 'static_parser': True, 'profiles_dir': 'C:\\Users\\loon\\.dbt', 'send_anonymous_usage_stats': True, 'quiet': False, 'no_print': False, 'cache_selected_only': False, 'project_name': 'jaffle_shop', 'skip_profile_setup': False, 'which': 'init', 'indirect_selection': 'eager'}
[0m10:58:00.082337 [debug] [MainThread]: Tracking: tracking
[0m10:58:00.094204 [debug] [MainThread]: Sending event: {'category': 'dbt', 'action': 'invocation', 'label': 'start', 'context': [<snowplow_tracker.self_describing_json.SelfDescribingJson object at 0x0000020DECCA2350>, <snowplow_tracker.self_describing_json.SelfDescribingJson object at 0x0000020DED35D290>, <snowplow_tracker.self_describing_json.SelfDescribingJson object at 0x0000020DED013410>]}
[0m10:58:00.096220 [info ] [MainThread]: Creating dbt configuration folder at C:\Users\loon\.dbt
[0m10:58:00.097204 [debug] [MainThread]: Flushing usage events


============================== 2023-04-19 11:06:00.505346 | e117a854-2e0d-44a2-a80b-2cfd8c207b0d ==============================
[0m11:06:00.505346 [info ] [MainThread]: Running with dbt=1.4.5
[0m11:06:00.507344 [debug] [MainThread]: running dbt with arguments {'write_json': True, 'use_colors': True, 'printer_width': 80, 'version_check': True, 'partial_parse': True, 'static_parser': True, 'profiles_dir': 'C:\\Users\\loon\\.dbt', 'send_anonymous_usage_stats': True, 'quiet': False, 'no_print': False, 'cache_selected_only': False, 'project_name': 'jaffle_shop', 'skip_profile_setup': False, 'which': 'init', 'indirect_selection': 'eager'}
[0m11:06:00.507344 [debug] [MainThread]: Tracking: tracking
[0m11:06:00.517345 [debug] [MainThread]: Sending event: {'category': 'dbt', 'action': 'invocation', 'label': 'start', 'context': [<snowplow_tracker.self_describing_json.SelfDescribingJson object at 0x0000018D06D1C3D0>, <snowplow_tracker.self_describing_json.SelfDescribingJson object at 0x0000018D06DD8150>, <snowplow_tracker.self_describing_json.SelfDescribingJson object at 0x0000018D06D95850>]}
[0m11:06:00.518347 [debug] [MainThread]: Flushing usage events


============================== 2023-04-19 11:07:06.066375 | c2914f21-f078-4ee0-91cb-0f56721415e0 ==============================
[0m11:07:06.066375 [info ] [MainThread]: Running with dbt=1.4.5
[0m11:07:06.068373 [debug] [MainThread]: running dbt with arguments {'write_json': True, 'use_colors': True, 'printer_width': 80, 'version_check': True, 'partial_parse': True, 'static_parser': True, 'profiles_dir': 'C:\\Users\\loon\\.dbt', 'send_anonymous_usage_stats': True, 'quiet': False, 'no_print': False, 'cache_selected_only': False, 'project_name': 'jaffle_shop', 'skip_profile_setup': False, 'which': 'init', 'indirect_selection': 'eager'}
[0m11:07:06.068373 [debug] [MainThread]: Tracking: tracking
[0m11:07:06.080352 [debug] [MainThread]: Sending event: {'category': 'dbt', 'action': 'invocation', 'label': 'start', 'context': [<snowplow_tracker.self_describing_json.SelfDescribingJson object at 0x0000026D554F8290>, <snowplow_tracker.self_describing_json.SelfDescribingJson object at 0x0000026D558F8E10>, <snowplow_tracker.self_describing_json.SelfDescribingJson object at 0x0000026D554DF490>]}
[0m11:07:06.081380 [debug] [MainThread]: Starter project path: C:\Users\loon\AppData\Roaming\Python\Python311\site-packages\dbt\include\starter_project
[0m11:18:07.245652 [info ] [MainThread]: Profile jaffle_shop written to C:\Users\loon\.dbt\profiles.yml using target's profile_template.yml and your supplied values. Run 'dbt debug' to validate the connection.
[0m11:18:07.246631 [info ] [MainThread]: 
Your new dbt project "jaffle_shop" was created!

For more information on how to configure the profiles.yml file,
please consult the dbt documentation here:

  https://docs.getdbt.com/docs/configure-your-profile

One more thing:

Need help? Don't hesitate to reach out to us via GitHub issues or on Slack:

  https://community.getdbt.com/

Happy modeling!

[0m11:18:07.248579 [debug] [MainThread]: Sending event: {'category': 'dbt', 'action': 'invocation', 'label': 'end', 'context': [<snowplow_tracker.self_describing_json.SelfDescribingJson object at 0x0000026D554F9390>, <snowplow_tracker.self_describing_json.SelfDescribingJson object at 0x0000026D554FB350>, <snowplow_tracker.self_describing_json.SelfDescribingJson object at 0x0000026D554F9050>]}
[0m11:18:07.248579 [debug] [MainThread]: Flushing usage events
